<?xml version="1.0" encoding="UTF-8"?>
<testsuite name="MoodAnalyzerTest" tests="1" skipped="0" failures="0" errors="0" timestamp="2020-02-17T12:27:15" hostname="admin1-Vostro-3580" time="0.001">
  <properties/>
  <testcase name="whenGivenSadMessageWithAlphabetCapital_shouldReturnSad" classname="MoodAnalyzerTest" time="0.001"/>
  <system-out><![CDATA[]]></system-out>
  <system-err><![CDATA[]]></system-err>
</testsuite>
